Build started 1/15/2015 6:09:16 PM.
     1>Project "C:\Users\mp755\Desktop\SPRING 2015\Work\CMPSC 457\Labs\Lab 1\Lab1\Lab1.vcxproj" on node 2 (Build target(s)).
     1>ClCompile:
         C:\Program Files (x86)\Microsoft Visual Studio 12.0\VC\bin\CL.exe /c /I"C:\Users\mp755\Desktop\SPRING 2015\Work\CMPSC 457\Labs\Lab 1\packages\nupengl.core.0.0.0.1\build\native\../..//build/native/include/" /ZI /nologo /W3 /WX- /sdl /Od /Oy- /D _MBCS /Gm /EHsc /RTC1 /MDd /GS /fp:precise /Zc:wchar_t /Zc:forScope /Fo"Debug\\" /Fd"Debug\vc120.pdb" /Gd /TP /analyze- /errorReport:prompt Hello.cpp
         Hello.cpp
     1>c:\users\mp755\desktop\spring 2015\work\cmpsc 457\labs\lab 1\lab1\hello.cpp(20): warning C4305: 'argument' : truncation from 'double' to 'GLfloat'
     1>c:\users\mp755\desktop\spring 2015\work\cmpsc 457\labs\lab 1\lab1\hello.cpp(30): warning C4305: 'argument' : truncation from 'double' to 'GLfloat'
     1>c:\users\mp755\desktop\spring 2015\work\cmpsc 457\labs\lab 1\lab1\hello.cpp(39): warning C4305: 'argument' : truncation from 'double' to 'GLfloat'
     1>c:\users\mp755\desktop\spring 2015\work\cmpsc 457\labs\lab 1\lab1\hello.cpp(49): warning C4305: 'argument' : truncation from 'double' to 'GLfloat'
     1>c:\users\mp755\desktop\spring 2015\work\cmpsc 457\labs\lab 1\lab1\hello.cpp(59): warning C4305: 'argument' : truncation from 'double' to 'GLfloat'
     1>c:\users\mp755\desktop\spring 2015\work\cmpsc 457\labs\lab 1\lab1\hello.cpp(69): warning C4305: 'argument' : truncation from 'double' to 'GLfloat'
     1>c:\users\mp755\desktop\spring 2015\work\cmpsc 457\labs\lab 1\lab1\hello.cpp(79): warning C4305: 'argument' : truncation from 'double' to 'GLfloat'
     1>c:\users\mp755\desktop\spring 2015\work\cmpsc 457\labs\lab 1\lab1\hello.cpp(89): warning C4305: 'argument' : truncation from 'double' to 'GLfloat'
     1>c:\users\mp755\desktop\spring 2015\work\cmpsc 457\labs\lab 1\lab1\hello.cpp(100): warning C4305: 'argument' : truncation from 'double' to 'GLfloat'
     1>c:\users\mp755\desktop\spring 2015\work\cmpsc 457\labs\lab 1\lab1\hello.cpp(110): warning C4305: 'argument' : truncation from 'double' to 'GLfloat'
     1>c:\users\mp755\desktop\spring 2015\work\cmpsc 457\labs\lab 1\lab1\hello.cpp(120): warning C4305: 'argument' : truncation from 'double' to 'GLfloat'
     1>c:\users\mp755\desktop\spring 2015\work\cmpsc 457\labs\lab 1\lab1\hello.cpp(130): warning C4305: 'argument' : truncation from 'double' to 'GLfloat'
       Link:
         C:\Program Files (x86)\Microsoft Visual Studio 12.0\VC\bin\link.exe /ERRORREPORT:PROMPT /OUT:"C:\Users\mp755\Desktop\SPRING 2015\Work\CMPSC 457\Labs\Lab 1\Debug\Lab1.exe" /INCREMENTAL /NOLOGO "C:\Users\mp755\Desktop\SPRING 2015\Work\CMPSC 457\Labs\Lab 1\packages\nupengl.core.0.0.0.1\build\native\../..//build/native/lib/Win32\v120\glew32.lib" "C:\Users\mp755\Desktop\SPRING 2015\Work\CMPSC 457\Labs\Lab 1\packages\nupengl.core.0.0.0.1\build\native\../..//build/native/lib/Win32\v120\glfw3dll.lib" "C:\Users\mp755\Desktop\SPRING 2015\Work\CMPSC 457\Labs\Lab 1\packages\nupengl.core.0.0.0.1\build\native\../..//build/native/lib/Win32\v120\freeglut.lib" kernel32.lib user32.lib gdi32.lib winspool.lib comdlg32.lib advapi32.lib shell32.lib ole32.lib oleaut32.lib uuid.lib odbc32.lib odbccp32.lib /MANIFEST /MANIFESTUAC:"level='asInvoker' uiAccess='false'" /manifest:embed /DEBUG /PDB:"C:\Users\mp755\Desktop\SPRING 2015\Work\CMPSC 457\Labs\Lab 1\Debug\Lab1.pdb" /TLBID:1 /DYNAMICBASE /NXCOMPAT /IMPLIB:"C:\Users\mp755\Desktop\SPRING 2015\Work\CMPSC 457\Labs\Lab 1\Debug\Lab1.lib" /MACHINE:X86 Debug\Hello.obj
         Lab1.vcxproj -> C:\Users\mp755\Desktop\SPRING 2015\Work\CMPSC 457\Labs\Lab 1\Debug\Lab1.exe
     1>Done Building Project "C:\Users\mp755\Desktop\SPRING 2015\Work\CMPSC 457\Labs\Lab 1\Lab1\Lab1.vcxproj" (Build target(s)).

Build succeeded.

Time Elapsed 00:00:01.75
